* using log directory 'C:/Users/yixuan/Desktop/last/lab7/lab7.Rcheck'
* using R version 3.2.2 (2015-08-14)
* using platform: x86_64-w64-mingw32 (64-bit)
* using session charset: CP936
* using option '--as-cran'
* checking for file 'lab7/DESCRIPTION' ... OK
* checking extension type ... Package
* this is package 'lab7' version '1.0'
* checking package namespace information ... OK
* checking package dependencies ... OK
* checking if this is a source package ... OK
* checking if there is a namespace ... OK
* checking for executable files ... OK
* checking for hidden files and directories ... OK
* checking for portable file names ... OK
* checking whether package 'lab7' can be installed ... OK
* checking installed package size ... OK
* checking package directory ... OK
* checking 'build' directory ... OK
* checking DESCRIPTION meta-information ... NOTE
Packages listed in more than one of Depends, Imports, Suggests, Enhances:
  'ggplot2' 'dplyr' 'nycflights13' 'leaps'
A package should be listed in only one of these fields.
* checking top-level files ... OK
* checking for left-over files ... OK
* checking index information ... OK
* checking package subdirectories ... OK
* checking R files for non-ASCII characters ... OK
* checking R files for syntax errors ... OK
* checking whether the package can be loaded ... OK
* checking whether the package can be loaded with stated dependencies ... OK
* checking whether the package can be unloaded cleanly ... OK
* checking whether the namespace can be loaded with stated dependencies ... OK
* checking whether the namespace can be unloaded cleanly ... OK
* checking dependencies in R code ... NOTE
Namespaces in Imports field not imported from:
  'dplyr' 'ggplot2' 'leaps' 'nycflights13'
  All declared Imports should be used.
* checking S3 generic/method consistency ... WARNING
print:
  function(x, ...)
print.ridgereg1:
  function(x)

coef:
  function(object, ...)
coef.ridgereg1:
  function(x)

predict:
  function(object, ...)
predict.ridgereg1:
  function(x, newdata)

See section 'Generic functions and methods' in the 'Writing R
Extensions' manual.
* checking replacement functions ... OK
* checking foreign function calls ... OK
* checking R code for possible problems ... NOTE
visualize_airport_delays: no visible binding for global variable
  'airports'
visualize_airport_delays: no visible binding for global variable 'dst'
visualize_airport_delays: no visible binding for global variable
  'flights'
visualize_airport_delays: no visible binding for global variable
  'month'
visualize_airport_delays: no visible binding for global variable 'day'
visualize_airport_delays: no visible global function definition for
  'select'
visualize_airport_delays: no visible global function definition for
  'one_of'
visualize_airport_delays: no visible global function definition for
  'inner_join'
visualize_airport_delays: no visible global function definition for
  'summarise'
visualize_airport_delays: no visible global function definition for
  'group_by'
visualize_airport_delays: no visible binding for global variable
  'all_origin'
visualize_airport_delays: no visible binding for global variable 'dest'
visualize_airport_delays: no visible binding for global variable
  'dep_delay'
visualize_airport_delays: no visible binding for global variable 'lat'
visualize_airport_delays: no visible binding for global variable 'lon'
visualize_airport_delays: no visible global function definition for
  'ggplot'
visualize_airport_delays: no visible global function definition for
  'aes'
visualize_airport_delays: no visible global function definition for
  'geom_point'
visualize_airport_delays: no visible global function definition for
  'geom_text'
visualize_airport_delays: no visible binding for global variable 'm'

Found the following calls to data() loading into the global environment:
File 'lab7/R/delays.R':
  data("airports")
  data("flights")
参见'?data'里的'Good practice'章节
* checking Rd files ... OK
* checking Rd metadata ... OK
* checking Rd line widths ... OK
* checking Rd cross-references ... OK
* checking for missing documentation entries ... OK
* checking for code/documentation mismatches ... OK
* checking Rd \usage sections ... OK
* checking Rd contents ... OK
* checking for unstated dependencies in examples ... OK
* checking installed files from 'inst/doc' ... OK
* checking files in 'vignettes' ... OK
* checking examples ... ERROR
Running examples in 'lab7-Ex.R' failed
The error most likely occurred in:

> base::assign(".ptime", proc.time(), pos = "CheckExEnv")
> ### Name: visualize_airport_delays
> ### Title: Handling large datasets with dplyr
> ### Aliases: visualize_airport_delays
> 
> ### ** Examples
> 
> library("dplyr")

Attaching package: 'dplyr'

The following objects are masked from 'package:stats':

    filter, lag

The following objects are masked from 'package:base':

    intersect, setdiff, setequal, union

> library("ggplot2")
> library("nycflights13")
> visualize_airport_delays()
Error in group_by_(.data, .dots = lazyeval::lazy_dots(...), add = add) : 
  object 'all_origin' not found
Calls: visualize_airport_delays -> summarise -> summarise_ -> group_by -> group_by_
Execution halted
* checking for unstated dependencies in 'tests' ... OK
* checking tests ... OK
  Running 'testthat.R'
* checking for unstated dependencies in vignettes ... NOTE
'::' or ':::' import not declared from: 'caret'
'library' or 'require' calls not declared from:
  'caret' 'lattice' 'mlbench'
* checking package vignettes in 'inst/doc' ... OK
* checking running R code from vignettes ... OK
* checking re-building of vignette outputs ... OK
* checking PDF version of manual ... WARNING
LaTeX errors when creating PDF version.
This typically indicates Rd problems.
LaTeX errors found:
* checking PDF version of manual without hyperrefs or index ... ERROR
* DONE
Status: 2 ERRORs, 2 WARNINGs, 4 NOTEs
